<?xml version="1.0" encoding="UTF-8"?>
<testsuite name="AppTest" tests="3" skipped="0" failures="0" errors="0" timestamp="2016-04-22T21:32:12" hostname="Joshuas-MacBook-Pro.local" time="0.52">
  <properties/>
  <testcase name="rootTest" classname="AppTest" time="0.404"/>
  <testcase name="singleConsonant" classname="AppTest" time="0.073"/>
  <testcase name="wordWithSingleVowel" classname="AppTest" time="0.025"/>
  <system-out><![CDATA[]]></system-out>
  <system-err><![CDATA[[Thread-4] INFO org.eclipse.jetty.util.log - Logging initialized @808ms
[Thread-4] INFO spark.webserver.JettySparkServer - == Spark has ignited ...
[Thread-4] INFO spark.webserver.JettySparkServer - >> Listening on 0.0.0.0:4567
[Thread-4] INFO org.eclipse.jetty.server.Server - jetty-9.3.2.v20150730
[Thread-4] INFO org.eclipse.jetty.server.ServerConnector - Started ServerConnector@4a18940{HTTP/1.1,[http/1.1]}{0.0.0.0:4567}
[Thread-4] INFO org.eclipse.jetty.server.Server - Started @967ms
[Test worker] INFO spark.webserver.JettySparkServer - >>> Spark shutting down ...
[Test worker] INFO org.eclipse.jetty.server.ServerConnector - Stopped ServerConnector@4a18940{HTTP/1.1,[http/1.1]}{0.0.0.0:4567}
[Test worker] INFO spark.webserver.JettySparkServer - done
]]></system-err>
</testsuite>
