<?xml version="1.0" encoding="UTF-8"?>
<testsuite name="AppTest" tests="4" skipped="0" failures="0" errors="0" timestamp="2016-04-22T21:33:44" hostname="Joshuas-MacBook-Pro.local" time="0.552">
  <properties/>
  <testcase name="rootTest" classname="AppTest" time="0.395"/>
  <testcase name="wordWithVowels" classname="AppTest" time="0.075"/>
  <testcase name="singleConsonant" classname="AppTest" time="0.034"/>
  <testcase name="wordWithSingleVowel" classname="AppTest" time="0.026"/>
  <system-out><![CDATA[]]></system-out>
  <system-err><![CDATA[[Thread-4] INFO org.eclipse.jetty.util.log - Logging initialized @900ms
[Thread-4] INFO spark.webserver.JettySparkServer - == Spark has ignited ...
[Thread-4] INFO spark.webserver.JettySparkServer - >> Listening on 0.0.0.0:4567
[Thread-4] INFO org.eclipse.jetty.server.Server - jetty-9.3.2.v20150730
[Thread-4] INFO org.eclipse.jetty.server.ServerConnector - Started ServerConnector@319616f9{HTTP/1.1,[http/1.1]}{0.0.0.0:4567}
[Thread-4] INFO org.eclipse.jetty.server.Server - Started @1010ms
[Test worker] INFO spark.webserver.JettySparkServer - >>> Spark shutting down ...
[Test worker] INFO org.eclipse.jetty.server.ServerConnector - Stopped ServerConnector@319616f9{HTTP/1.1,[http/1.1]}{0.0.0.0:4567}
[Test worker] INFO spark.webserver.JettySparkServer - done
]]></system-err>
</testsuite>
