<?xml version="1.0" encoding="UTF-8"?>
<testsuite name="VowelReplaceTest" tests="5" skipped="0" failures="0" errors="0" timestamp="2016-04-22T21:32:12" hostname="Joshuas-MacBook-Pro.local" time="0.006">
  <properties/>
  <testcase name="vowelReplacer_forASingleVowel_dash" classname="VowelReplaceTest" time="0.001"/>
  <testcase name="vowelReplacer_forASingleConsonant_b" classname="VowelReplaceTest" time="0.0"/>
  <testcase name="vowelReplacer_forMultipleWords_bdashgDdashg" classname="VowelReplaceTest" time="0.001"/>
  <testcase name="vowelReplacer_forMultipleWordsWithCaps_BdashgDdashg" classname="VowelReplaceTest" time="0.001"/>
  <testcase name="vowelReplacer_forASingleWord_cdasht" classname="VowelReplaceTest" time="0.001"/>
  <system-out><![CDATA[]]></system-out>
  <system-err><![CDATA[]]></system-err>
</testsuite>
